Mplus VERSION 8.3
MUTHEN & MUTHEN
02/14/2023   1:34 PM

INPUT INSTRUCTIONS

  TITLE:
      Parental mental health and youth antisocial behaviour
      Exploratory factor analysis for rule-breaking behavior (RBB)

  DATA:
      file = "N:\no-backup\Frida og Thea\Mplus\5.dat";

  VARIABLE:
      names =
          YAGE PAGE SIB INC                           ! Demographics
          scl8_01 scl8_02 scl8_03 scl8_04 scl8_05     ! Parental mental health
          scl8_06 scl8_07 scl8_08                     !   (PMH)
          cbcl002 cbcl026 cbcl028 cbcl039 cbcl043     ! Rule-breaking behaviour
          cbcl063 cbcl067 cbcl072 cbcl073 cbcl081     !   (RBB)
          cbcl082 cbcl090 cbcl096 cbcl099 cbcl101
          cbcl105 cbcl106
          cbcl003 cbcl016 cbcl019 cbcl020 cbcl021     ! Aggression
          cbcl022 cbcl023 cbcl037 cbcl057 cbcl068     !   (AGG)
          cbcl086 cbcl087 cbcl088 cbcl089 cbcl094
          cbcl095 cbcl097 cbcl104
          fes_01 fes_11 fes_21 fes_31 fes_41          ! Family cohesion
          fes_51 fes_61 fes_71 fes_81                 !   (COH)
          fes_03 fes_13 fes_23 fes_33 fes_43          ! Family conflict
          fes_53 fes_63 fes_73 fes_83                 !   (CON)
          PMH_sum                                     ! PMH sum score
          CON_sum                                     ! CON sum score
          COH_sum                                     ! COH sum score
          ASB_sum                                     ! ASB sum score
          SES                                         ! Socioeconomic status
          ;

      usevariables =                                  ! RBB 17 items
          cbcl002 cbcl026 cbcl028 cbcl039 cbcl043
          cbcl063 cbcl067 cbcl072 cbcl073 cbcl081
          cbcl082 cbcl090 cbcl096 cbcl099 cbcl101
          cbcl105 cbcl106
          ;

      categorical =                                   ! Likert scale
          cbcl002 cbcl026 cbcl028 cbcl039 cbcl043
          cbcl063 cbcl067 cbcl072 cbcl073 cbcl081
          cbcl082 cbcl090 cbcl096 cbcl099 cbcl101
          cbcl105 cbcl106
          ;

      missing = all (-99);                            ! -99 denotes missing data

  ANALYSIS:
      type = efa 1 1;                                 ! 1-factor?
      estimator = wlsmv;                              ! Weighted least square
      processors = 4;                                 ! Use 4 CPU cores

  OUTPUT:
      modindices (all);                               ! Modification indices



INPUT READING TERMINATED NORMALLY




Parental mental health and youth antisocial behaviour
Exploratory factor analysis for rule-breaking behavior (RBB)

SUMMARY OF ANALYSIS

Number of groups                                                 1
Number of observations                                         157

Number of dependent variables                                   17
Number of independent variables                                  0
Number of continuous latent variables                            0

Observed dependent variables

  Binary and ordered categorical (ordinal)
   CBCL002     CBCL026     CBCL028     CBCL039     CBCL043     CBCL063
   CBCL067     CBCL072     CBCL073     CBCL081     CBCL082     CBCL090
   CBCL096     CBCL099     CBCL101     CBCL105     CBCL106


Estimator                                                    WLSMV
Rotation                                                    GEOMIN
Row standardization                                    CORRELATION
Type of rotation                                           OBLIQUE
Epsilon value                                               Varies
Maximum number of iterations                                  1000
Convergence criterion                                    0.500D-04
Maximum number of steepest descent iterations                   20
Maximum number of iterations for H1                           2000
Convergence criterion for H1                             0.100D-03
Optimization Specifications for the Exploratory Factor Analysis
Rotation Algorithm
  Number of random starts                                       30
  Maximum number of iterations                               10000
  Derivative convergence criterion                       0.100D-04
Link                                                        PROBIT

Input data file(s)
  N:\no-backup\Frida og Thea\Mplus\5.dat

Input data format  FREE


SUMMARY OF DATA

     Number of missing data patterns             1


COVARIANCE COVERAGE OF DATA

Minimum covariance coverage value   0.100


     PROPORTION OF DATA PRESENT


           Covariance Coverage
              CBCL002       CBCL026       CBCL028       CBCL039       CBCL043
              ________      ________      ________      ________      ________
 CBCL002        1.000
 CBCL026        1.000         1.000
 CBCL028        1.000         1.000         1.000
 CBCL039        1.000         1.000         1.000         1.000
 CBCL043        1.000         1.000         1.000         1.000         1.000
 CBCL063        1.000         1.000         1.000         1.000         1.000
 CBCL067        1.000         1.000         1.000         1.000         1.000
 CBCL072        1.000         1.000         1.000         1.000         1.000
 CBCL073        1.000         1.000         1.000         1.000         1.000
 CBCL081        1.000         1.000         1.000         1.000         1.000
 CBCL082        1.000         1.000         1.000         1.000         1.000
 CBCL090        1.000         1.000         1.000         1.000         1.000
 CBCL096        1.000         1.000         1.000         1.000         1.000
 CBCL099        1.000         1.000         1.000         1.000         1.000
 CBCL101        1.000         1.000         1.000         1.000         1.000
 CBCL105        1.000         1.000         1.000         1.000         1.000
 CBCL106        1.000         1.000         1.000         1.000         1.000


           Covariance Coverage
              CBCL063       CBCL067       CBCL072       CBCL073       CBCL081
              ________      ________      ________      ________      ________
 CBCL063        1.000
 CBCL067        1.000         1.000
 CBCL072        1.000         1.000         1.000
 CBCL073        1.000         1.000         1.000         1.000
 CBCL081        1.000         1.000         1.000         1.000         1.000
 CBCL082        1.000         1.000         1.000         1.000         1.000
 CBCL090        1.000         1.000         1.000         1.000         1.000
 CBCL096        1.000         1.000         1.000         1.000         1.000
 CBCL099        1.000         1.000         1.000         1.000         1.000
 CBCL101        1.000         1.000         1.000         1.000         1.000
 CBCL105        1.000         1.000         1.000         1.000         1.000
 CBCL106        1.000         1.000         1.000         1.000         1.000


           Covariance Coverage
              CBCL082       CBCL090       CBCL096       CBCL099       CBCL101
              ________      ________      ________      ________      ________
 CBCL082        1.000
 CBCL090        1.000         1.000
 CBCL096        1.000         1.000         1.000
 CBCL099        1.000         1.000         1.000         1.000
 CBCL101        1.000         1.000         1.000         1.000         1.000
 CBCL105        1.000         1.000         1.000         1.000         1.000
 CBCL106        1.000         1.000         1.000         1.000         1.000


           Covariance Coverage
              CBCL105       CBCL106
              ________      ________
 CBCL105        1.000
 CBCL106        1.000         1.000


UNIVARIATE PROPORTIONS AND COUNTS FOR CATEGORICAL VARIABLES

    CBCL002
      Category 1    0.726          114.000
      Category 2    0.191           30.000
      Category 3    0.083           13.000
    CBCL026
      Category 1    0.325           51.000
      Category 2    0.376           59.000
      Category 3    0.299           47.000
    CBCL028
      Category 1    0.140           22.000
      Category 2    0.446           70.000
      Category 3    0.414           65.000
    CBCL039
      Category 1    0.452           71.000
      Category 2    0.350           55.000
      Category 3    0.197           31.000
    CBCL043
      Category 1    0.255           40.000
      Category 2    0.382           60.000
      Category 3    0.363           57.000
    CBCL063
      Category 1    0.586           92.000
      Category 2    0.287           45.000
      Category 3    0.127           20.000
    CBCL067
      Category 1    0.745          117.000
      Category 2    0.242           38.000
      Category 3    0.013            2.000
    CBCL072
      Category 1    0.892          140.000
      Category 2    0.102           16.000
      Category 3    0.006            1.000
    CBCL073
      Category 1    0.962          151.000
      Category 2    0.032            5.000
      Category 3    0.006            1.000
    CBCL081
      Category 1    0.592           93.000
      Category 2    0.255           40.000
      Category 3    0.153           24.000
    CBCL082
      Category 1    0.777          122.000
      Category 2    0.191           30.000
      Category 3    0.032            5.000
    CBCL090
      Category 1    0.293           46.000
      Category 2    0.318           50.000
      Category 3    0.389           61.000
    CBCL096
      Category 1    0.911          143.000
      Category 2    0.070           11.000
      Category 3    0.019            3.000
    CBCL099
      Category 1    0.720          113.000
      Category 2    0.127           20.000
      Category 3    0.153           24.000
    CBCL101
      Category 1    0.459           72.000
      Category 2    0.268           42.000
      Category 3    0.274           43.000
    CBCL105
      Category 1    0.943          148.000
      Category 2    0.057            9.000
    CBCL106
      Category 1    0.828          130.000
      Category 2    0.153           24.000
      Category 3    0.019            3.000


     WARNING:  THE SAMPLE CORRELATION OF CBCL073 AND CBCL043 IS  0.986
     DUE TO ONE OR MORE ZERO CELLS IN THEIR BIVARIATE TABLE.
     INFORMATION FROM THESE VARIABLES CAN BE USED TO CREATE ONE NEW VARIABLE.




RESULTS FOR EXPLORATORY FACTOR ANALYSIS


           EIGENVALUES FOR SAMPLE CORRELATION MATRIX
                  1             2             3             4             5
              ________      ________      ________      ________      ________
                6.604         2.589         1.502         1.253         1.016


           EIGENVALUES FOR SAMPLE CORRELATION MATRIX
                  6             7             8             9            10
              ________      ________      ________      ________      ________
                0.920         0.700         0.684         0.628         0.448


           EIGENVALUES FOR SAMPLE CORRELATION MATRIX
                 11            12            13            14            15
              ________      ________      ________      ________      ________
                0.353         0.282         0.206         0.107         0.083


           EIGENVALUES FOR SAMPLE CORRELATION MATRIX
                 16            17
              ________      ________
               -0.026        -0.349


EXPLORATORY FACTOR ANALYSIS WITH 1 FACTOR(S):


MODEL FIT INFORMATION

Number of Free Parameters                       17

Chi-Square Test of Model Fit

          Value                            275.957*
          Degrees of Freedom                   119
          P-Value                           0.0000

*   The chi-square value for MLM, MLMV, MLR, ULSMV, WLSM and WLSMV cannot be used
    for chi-square difference testing in the regular way.  MLM, MLR and WLSM
    chi-square difference testing is described on the Mplus website.  MLMV, WLSMV,
    and ULSMV difference testing is done using the DIFFTEST option.

RMSEA (Root Mean Square Error Of Approximation)

          Estimate                           0.092
          90 Percent C.I.                    0.078  0.106
          Probability RMSEA <= .05           0.000

CFI/TLI

          CFI                                0.849
          TLI                                0.828

Chi-Square Test of Model Fit for the Baseline Model

          Value                           1176.145
          Degrees of Freedom                   136
          P-Value                           0.0000

SRMR (Standardized Root Mean Square Residual)

          Value                              0.175



MINIMUM ROTATION FUNCTION VALUE       6.81635



           GEOMIN ROTATED LOADINGS (* significant at 5% level)
                  1
              ________
 CBCL002        0.752*
 CBCL026        0.517*
 CBCL028        0.750*
 CBCL039        0.640*
 CBCL043        0.818*
 CBCL063        0.467*
 CBCL067        0.526*
 CBCL072        0.437*
 CBCL073        0.774*
 CBCL081        0.782*
 CBCL082        0.643*
 CBCL090        0.505*
 CBCL096        0.600*
 CBCL099        0.722*
 CBCL101        0.452*
 CBCL105        0.702*
 CBCL106        0.441*


           GEOMIN FACTOR CORRELATIONS (* significant at 5% level)
                  1
              ________
      1         1.000


           ESTIMATED RESIDUAL VARIANCES
              CBCL002       CBCL026       CBCL028       CBCL039       CBCL043
              ________      ________      ________      ________      ________
                0.434         0.733         0.437         0.590         0.330


           ESTIMATED RESIDUAL VARIANCES
              CBCL063       CBCL067       CBCL072       CBCL073       CBCL081
              ________      ________      ________      ________      ________
                0.782         0.724         0.809         0.401         0.388


           ESTIMATED RESIDUAL VARIANCES
              CBCL082       CBCL090       CBCL096       CBCL099       CBCL101
              ________      ________      ________      ________      ________
                0.586         0.745         0.640         0.478         0.795


           ESTIMATED RESIDUAL VARIANCES
              CBCL105       CBCL106
              ________      ________
                0.507         0.805


           S.E. GEOMIN ROTATED LOADINGS
                  1
              ________
 CBCL002        0.054
 CBCL026        0.069
 CBCL028        0.049
 CBCL039        0.057
 CBCL043        0.043
 CBCL063        0.079
 CBCL067        0.084
 CBCL072        0.103
 CBCL073        0.082
 CBCL081        0.045
 CBCL082        0.062
 CBCL090        0.075
 CBCL096        0.082
 CBCL099        0.059
 CBCL101        0.075
 CBCL105        0.138
 CBCL106        0.090


           S.E. GEOMIN FACTOR CORRELATIONS
                  1
              ________
      1         0.000


           S.E. ESTIMATED RESIDUAL VARIANCES
              CBCL002       CBCL026       CBCL028       CBCL039       CBCL043
              ________      ________      ________      ________      ________
                0.081         0.071         0.074         0.072         0.070


           S.E. ESTIMATED RESIDUAL VARIANCES
              CBCL063       CBCL067       CBCL072       CBCL073       CBCL081
              ________      ________      ________      ________      ________
                0.074         0.088         0.090         0.128         0.070


           S.E. ESTIMATED RESIDUAL VARIANCES
              CBCL082       CBCL090       CBCL096       CBCL099       CBCL101
              ________      ________      ________      ________      ________
                0.079         0.076         0.099         0.085         0.068


           S.E. ESTIMATED RESIDUAL VARIANCES
              CBCL105       CBCL106
              ________      ________
                0.194         0.079


           Est./S.E. GEOMIN ROTATED LOADINGS
                  1
              ________
 CBCL002       14.028
 CBCL026        7.480
 CBCL028       15.154
 CBCL039       11.333
 CBCL043       19.239
 CBCL063        5.921
 CBCL067        6.275
 CBCL072        4.246
 CBCL073        9.390
 CBCL081       17.401
 CBCL082       10.457
 CBCL090        6.696
 CBCL096        7.305
 CBCL099       12.325
 CBCL101        6.015
 CBCL105        5.087
 CBCL106        4.907


           Est./S.E. GEOMIN FACTOR CORRELATIONS
                  1
              ________
      1         0.000


           Est./S.E. ESTIMATED RESIDUAL VARIANCES
              CBCL002       CBCL026       CBCL028       CBCL039       CBCL043
              ________      ________      ________      ________      ________
                5.374        10.259         5.891         8.153         4.744


           Est./S.E. ESTIMATED RESIDUAL VARIANCES
              CBCL063       CBCL067       CBCL072       CBCL073       CBCL081
              ________      ________      ________      ________      ________
               10.613         8.214         9.020         3.142         5.527


           Est./S.E. ESTIMATED RESIDUAL VARIANCES
              CBCL082       CBCL090       CBCL096       CBCL099       CBCL101
              ________      ________      ________      ________      ________
                7.407         9.781         6.488         5.644        11.691


           Est./S.E. ESTIMATED RESIDUAL VARIANCES
              CBCL105       CBCL106
              ________      ________
                2.614        10.153


MODIFICATION INDICES


     MODIFICATION INDICES FOR ANALYSIS WITH 1 FACTOR(S)



     MODIFICATION INDICES


           THETA
              CBCL002       CBCL026       CBCL028       CBCL039       CBCL043
              ________      ________      ________      ________      ________
 CBCL002        0.000
 CBCL026        6.845         0.000
 CBCL028        0.479         9.744         0.000
 CBCL039        2.393         2.289         0.843         0.000
 CBCL043        3.793         3.855         0.001         2.403         0.000
 CBCL063        0.571         3.054         4.158        12.110         0.704
 CBCL067        0.059         0.275         0.245         0.054         0.043
 CBCL072        0.000         0.353         0.497         0.011         0.047
 CBCL073        3.347         0.149         3.578         0.244         9.069
 CBCL081        6.978         0.280         0.427         3.753         5.926
 CBCL082        3.057         0.113         0.331         1.553         0.887
 CBCL090        1.643         0.039         3.239         4.035         0.540
 CBCL096        3.174         0.447         0.692         0.288         0.970
 CBCL099       24.067         7.052         1.220         1.112         9.734
 CBCL101        5.134         1.978         0.054         1.112         0.348
 CBCL105        3.979         4.211         0.458         2.465         4.290
 CBCL106        6.326         2.236         3.298         2.878         0.230


           THETA
              CBCL063       CBCL067       CBCL072       CBCL073       CBCL081
              ________      ________      ________      ________      ________
 CBCL063        0.000
 CBCL067        0.915         0.000
 CBCL072        0.210         0.680         0.000
 CBCL073        0.485         0.028         0.554         0.000
 CBCL081        2.477         0.003         0.416         0.848         0.000
 CBCL082        0.084         0.331         0.924         0.090         7.549
 CBCL090        0.599         0.086         0.125         0.655         0.260
 CBCL096        0.417         0.811         0.057         8.298         1.081
 CBCL099        4.667         0.018         0.143         1.531         6.552
 CBCL101        0.026         0.000         0.877         0.041         0.878
 CBCL105        0.179         0.010         0.094         0.703         0.297
 CBCL106        1.776         0.942         0.049         0.050         4.577


           THETA
              CBCL082       CBCL090       CBCL096       CBCL099       CBCL101
              ________      ________      ________      ________      ________
 CBCL082        0.000
 CBCL090        0.357         0.000
 CBCL096        2.570         0.634         0.000
 CBCL099        0.012         0.848         2.514         0.000
 CBCL101        0.082         2.273         0.944         5.062         0.000
 CBCL105        0.188         0.186         1.423         2.258         1.017
 CBCL106        0.762         0.546         0.073         4.382         0.382


           THETA
              CBCL105       CBCL106
              ________      ________
 CBCL105        0.000
 CBCL106        2.397         0.000


     EXPECTED PARAMETER CHANGE


           THETA
              CBCL002       CBCL026       CBCL028       CBCL039       CBCL043
              ________      ________      ________      ________      ________
 CBCL002        0.000
 CBCL026       -0.350         0.000
 CBCL028       -0.101         0.273         0.000
 CBCL039        0.162        -0.175        -0.105         0.000
 CBCL043       -0.224         0.185         0.003        -0.171         0.000
 CBCL063        0.093        -0.215        -0.265         0.330        -0.106
 CBCL067        0.037         0.069         0.075        -0.033        -0.027
 CBCL072       -0.002        -0.092        -0.128         0.018        -0.036
 CBCL073       -0.398         0.101        -0.466        -0.102         0.464
 CBCL081       -0.380         0.058         0.071        -0.236         0.201
 CBCL082       -0.258        -0.040        -0.066        -0.146         0.100
 CBCL090       -0.180         0.022         0.184         0.209        -0.083
 CBCL096       -0.396         0.099        -0.146         0.077         0.132
 CBCL099        0.430        -0.377        -0.160         0.118        -0.388
 CBCL101        0.270        -0.172        -0.027        -0.132        -0.071
 CBCL105        0.279        -0.373        -0.100         0.213        -0.376
 CBCL106       -0.415         0.183         0.273        -0.241        -0.072


           THETA
              CBCL063       CBCL067       CBCL072       CBCL073       CBCL081
              ________      ________      ________      ________      ________
 CBCL063        0.000
 CBCL067       -0.145         0.000
 CBCL072        0.074         0.149         0.000
 CBCL073       -0.232        -0.026        -0.252         0.000
 CBCL081       -0.209         0.008        -0.100        -0.239         0.000
 CBCL082       -0.039        -0.088         0.140        -0.044         0.261
 CBCL090       -0.098         0.041         0.058        -0.166        -0.061
 CBCL096        0.107        -0.195         0.048         0.407        -0.201
 CBCL099        0.247        -0.019        -0.066        -0.188        -0.356
 CBCL101        0.020        -0.003         0.153         0.043        -0.117
 CBCL105        0.075        -0.022        -0.085        -0.284        -0.105
 CBCL106       -0.182         0.139         0.043         0.056         0.249


           THETA
              CBCL082       CBCL090       CBCL096       CBCL099       CBCL101
              ________      ________      ________      ________      ________
 CBCL082        0.000
 CBCL090       -0.083         0.000
 CBCL096       -0.319         0.134         0.000
 CBCL099       -0.014        -0.117        -0.363         0.000
 CBCL101       -0.043        -0.180        -0.190         0.268         0.000
 CBCL105       -0.099         0.077        -0.294         0.237         0.186
 CBCL106        0.130         0.113         0.055        -0.335        -0.078


           THETA
              CBCL105       CBCL106
              ________      ________
 CBCL105        0.000
 CBCL106       -0.469         0.000


     Beginning Time:  13:34:39
        Ending Time:  13:34:39
       Elapsed Time:  00:00:00



MUTHEN & MUTHEN
3463 Stoner Ave.
Los Angeles, CA  90066

Tel: (310) 391-9971
Fax: (310) 391-8971
Web: www.StatModel.com
Support: Support@StatModel.com

Copyright (c) 1998-2019 Muthen & Muthen
