Mplus VERSION 8.5 (Linux)
MUTHEN & MUTHEN
04/06/2022  11:11 PM

INPUT INSTRUCTIONS

  TITLE:
      M2: Path analysis for gender pay gap (M1 + skills variables)

  DATA:
      file = implist.dat;
      type = imputation;

  VARIABLE:
      ! Data table header
      names =
          log_EARN
          LIT NUM PSL
          MALE cAGE cAGEsq IM1 IM2 cEDU cEDUsq cross
          VARSTRAT VARUNIT SPFWT0
          ;

      usevar =
          log_EARN
          LIT NUM PSL
          MALE
          VARSTRAT VARUNIT SPFWT0
          ;

      ! Missing data indicator
      missing = all(-99);

      ! Final participant weight
  weight = SPFWT0;

      ! Clustering in sampling units
      cluster = VARUNIT;

      ! Stratification
      stratification = VARSTRAT;

  ANALYSIS:
      type = complex;
      estimator = MLR;
      h1iterations = 10000;

  MODEL:
      log_EARN on
          LIT NUM PSL     ! Skills
          MALE            ! Gender difference (Main interest of current study)
          ;

  OUTPUT:
  !    stdy;       ! Standardised parameter estimates
  !    stdyx;      ! Fully standardised parameters
      sampstat;   ! Sample statistics
      cinterval;  ! Confidence intervals



INPUT READING TERMINATED NORMALLY




M2: Path analysis for gender pay gap (M1 + skills variables)

SUMMARY OF ANALYSIS

Number of groups                                                 1
Average number of observations                                3312

Number of replications
    Requested                                                   10
    Completed                                                   10

Number of dependent variables                                    1
Number of independent variables                                  4
Number of continuous latent variables                            0

Observed dependent variables

  Continuous
   LOG_EARN

Observed independent variables
   LIT         NUM         PSL         MALE

Variables with special functions

  Stratification        VARSTRAT
  Cluster variable      VARUNIT
  Weight variable       SPFWT0

Estimator                                                      MLR
Information matrix                                        OBSERVED
Maximum number of iterations                                  1000
Convergence criterion                                    0.500D-04
Maximum number of steepest descent iterations                   20
Maximum number of iterations for H1                          10000
Convergence criterion for H1                             0.100D-03

Input data file(s)
  Multiple data files from
    implist.dat

Input data format  FREE


SUMMARY OF DATA FOR THE FIRST DATA SET

     Number of missing data patterns             1
     Number of strata                           80
     Number of clusters                        163


SUMMARY OF MISSING DATA PATTERNS FOR THE FIRST DATA SET


     MISSING DATA PATTERNS (x = not missing)

           1
 LOG_EARN  x
 LIT       x
 NUM       x
 PSL       x
 MALE      x


     MISSING DATA PATTERN FREQUENCIES

    Pattern   Frequency
          1        3312


COVARIANCE COVERAGE OF DATA FOR THE FIRST DATA SET

Minimum covariance coverage value   0.100


     PROPORTION OF DATA PRESENT


           Covariance Coverage
              LOG_EARN      LIT           NUM           PSL           MALE
              ________      ________      ________      ________      ________
 LOG_EARN       1.000
 LIT            1.000         1.000
 NUM            1.000         1.000         1.000
 PSL            1.000         1.000         1.000         1.000
 MALE           1.000         1.000         1.000         1.000         1.000


SAMPLE STATISTICS

NOTE:  These are average results over 10 data sets.


     ESTIMATED SAMPLE STATISTICS


           Means
              LOG_EARN      LIT           NUM           PSL           MALE
              ________      ________      ________      ________      ________
               10.253       287.765       291.051       289.586         0.506


           Covariances
              LOG_EARN      LIT           NUM           PSL           MALE
              ________      ________      ________      ________      ________
 LOG_EARN       0.576
 LIT            6.587      1654.925
 NUM            9.660      1593.869      2086.082
 PSL            3.387      1267.178      1349.749      1532.630
 MALE           0.090         0.812         3.634         1.599         0.250


           Correlations
              LOG_EARN      LIT           NUM           PSL           MALE
              ________      ________      ________      ________      ________
 LOG_EARN       1.000
 LIT            0.213         1.000
 NUM            0.279         0.858         1.000
 PSL            0.114         0.796         0.755         1.000
 MALE           0.237         0.040         0.159         0.082         1.000


MODEL FIT INFORMATION

Number of Free Parameters                        6

Loglikelihood

    H0 Value

        Mean                             -3540.618
        Std Dev                             12.851
        Number of successful computations       10

             Proportions                   Percentiles
        Expected    Observed         Expected       Observed
           0.990       1.000        -3570.512      -3556.345
           0.980       1.000        -3567.009      -3556.345
           0.950       1.000        -3561.756      -3556.345
           0.900       1.000        -3557.087      -3556.345
           0.800       0.800        -3551.433      -3556.345
           0.700       0.500        -3547.357      -3550.076
           0.500       0.500        -3540.618      -3549.362
           0.300       0.300        -3533.879      -3534.101
           0.200       0.200        -3529.803      -3532.786
           0.100       0.200        -3524.149      -3520.860
           0.050       0.100        -3519.480      -3520.860
           0.020       0.000        -3514.227      -3520.860
           0.010       0.000        -3510.724      -3520.860

    H1 Value

        Mean                             -3540.618
        Std Dev                             12.851
        Number of successful computations       10

             Proportions                   Percentiles
        Expected    Observed         Expected       Observed
           0.990       1.000        -3570.512      -3556.345
           0.980       1.000        -3567.009      -3556.345
           0.950       1.000        -3561.756      -3556.345
           0.900       1.000        -3557.087      -3556.345
           0.800       0.800        -3551.433      -3556.345
           0.700       0.500        -3547.357      -3550.076
           0.500       0.500        -3540.618      -3549.362
           0.300       0.300        -3533.879      -3534.101
           0.200       0.200        -3529.803      -3532.786
           0.100       0.200        -3524.149      -3520.860
           0.050       0.100        -3519.480      -3520.860
           0.020       0.000        -3514.227      -3520.860
           0.010       0.000        -3510.724      -3520.860

Information Criteria

    Akaike (AIC)

        Mean                              7093.236
        Std Dev                             25.701
        Number of successful computations       10

             Proportions                   Percentiles
        Expected    Observed         Expected       Observed
           0.990       1.000         7033.448       7050.793
           0.980       1.000         7040.454       7050.793
           0.950       0.900         7050.961       7050.793
           0.900       0.800         7060.298       7050.793
           0.800       0.800         7071.606       7050.793
           0.700       0.700         7079.759       7077.573
           0.500       0.500         7093.236       7089.263
           0.300       0.500         7106.714       7110.932
           0.200       0.200         7114.866       7112.152
           0.100       0.000         7126.175       7122.312
           0.050       0.000         7135.512       7122.312
           0.020       0.000         7146.018       7122.312
           0.010       0.000         7153.024       7122.312

    Bayesian (BIC)

        Mean                              7129.868
        Std Dev                             25.701
        Number of successful computations       10

             Proportions                   Percentiles
        Expected    Observed         Expected       Observed
           0.990       1.000         7070.080       7087.425
           0.980       1.000         7077.086       7087.425
           0.950       0.900         7087.592       7087.425
           0.900       0.800         7096.930       7087.425
           0.800       0.800         7108.238       7087.425
           0.700       0.700         7116.390       7114.205
           0.500       0.500         7129.868       7125.895
           0.300       0.500         7143.346       7147.563
           0.200       0.200         7151.498       7148.784
           0.100       0.000         7162.806       7158.944
           0.050       0.000         7172.144       7158.944
           0.020       0.000         7182.650       7158.944
           0.010       0.000         7189.656       7158.944

    Sample-Size Adjusted BIC (n* = (n + 2) / 24)

        Mean                              7110.803
        Std Dev                             25.701
        Number of successful computations       10

             Proportions                   Percentiles
        Expected    Observed         Expected       Observed
           0.990       1.000         7051.015       7068.360
           0.980       1.000         7058.021       7068.360
           0.950       0.900         7068.528       7068.360
           0.900       0.800         7077.865       7068.360
           0.800       0.800         7089.173       7068.360
           0.700       0.700         7097.326       7095.140
           0.500       0.500         7110.803       7106.830
           0.300       0.500         7124.281       7128.499
           0.200       0.200         7132.433       7129.719
           0.100       0.000         7143.742       7139.879
           0.050       0.000         7153.079       7139.879
           0.020       0.000         7163.585       7139.879
           0.010       0.000         7170.591       7139.879

Chi-Square Test of Model Fit

        Degrees of freedom                       0

        Mean                                 0.000
        Std Dev                              0.000
        Number of successful computations       10

             Proportions                   Percentiles
        Expected    Observed         Expected       Observed
           0.990       1.000            0.000          0.000
           0.980       1.000            0.000          0.000
           0.950       1.000            0.000          0.000
           0.900       1.000            0.000          0.000
           0.800       1.000            0.000          0.000
           0.700       1.000            0.000          0.000
           0.500       1.000            0.000          0.000
           0.300       1.000            0.000          0.000
           0.200       1.000            0.000          0.000
           0.100       1.000            0.000          0.000
           0.050       1.000            0.000          0.000
           0.020       1.000            0.000          0.000
           0.010       1.000            0.000          0.000

RMSEA (Root Mean Square Error Of Approximation)

        Mean                                 0.000
        Std Dev                              0.000
        Number of successful computations       10

        Cumulative Distribution Function
           Value    Function Value
           0.990       1.000
           0.980       1.000
           0.950       1.000
           0.900       1.000
           0.800       1.000
           0.700       1.000
           0.500       1.000
           0.300       1.000
           0.200       1.000
           0.100       1.000
           0.050       1.000
           0.020       1.000
           0.010       1.000

CFI/TLI

    CFI

        Mean                                 1.000
        Std Dev                              0.000
        Number of successful computations       10

        Cumulative Distribution Function
           Value    Function Value
           0.990       0.000
           0.980       0.000
           0.950       0.000
           0.900       0.000
           0.800       0.000
           0.700       0.000
           0.500       0.000
           0.300       0.000
           0.200       0.000
           0.100       0.000
           0.050       0.000
           0.020       0.000
           0.010       0.000

    TLI

        Mean                                 1.000
        Std Dev                              0.000
        Number of successful computations       10

        Cumulative Distribution Function
           Value    Function Value
           0.990       0.000
           0.980       0.000
           0.950       0.000
           0.900       0.000
           0.800       0.000
           0.700       0.000
           0.500       0.000
           0.300       0.000
           0.200       0.000
           0.100       0.000
           0.050       0.000
           0.020       0.000
           0.010       0.000

SRMR (Standardized Root Mean Square Residual)

        Mean                                 0.000
        Std Dev                              0.000
        Number of successful computations       10

        Cumulative Distribution Function
           Value    Function Value
           0.990       1.000
           0.980       1.000
           0.950       1.000
           0.900       1.000
           0.800       1.000
           0.700       1.000
           0.500       1.000
           0.300       1.000
           0.200       1.000
           0.100       1.000
           0.050       1.000
           0.020       1.000
           0.010       1.000


MODEL RESULTS

                                                    Two-Tailed   Rate of
                    Estimate       S.E.  Est./S.E.    P-Value    Missing

 LOG_EARN ON
    LIT                0.002      0.001      2.020      0.043      0.639
    NUM                0.006      0.001      7.505      0.000      0.535
    PSL               -0.005      0.001     -5.586      0.000      0.661
    MALE               0.303      0.028     10.703      0.000      0.139

 Intercepts
    LOG_EARN           9.249      0.103     90.024      0.000      0.178

 Residual Variances
    LOG_EARN           0.497      0.026     19.231      0.000      0.027


QUALITY OF NUMERICAL RESULTS

     Average Condition Number for the Information Matrix      0.903E-06
       (ratio of smallest to largest eigenvalue)


CONFIDENCE INTERVALS OF MODEL RESULTS

                  Lower .5%  Lower 2.5%    Lower 5%    Estimate    Upper 5%  Upper 2.5%   Upper .5%

 LOG_EARN ON
    LIT             -0.001       0.000       0.000       0.002       0.004       0.004       0.005
    NUM              0.004       0.004       0.004       0.006       0.007       0.007       0.007
    PSL             -0.007      -0.006      -0.006      -0.005      -0.003      -0.003      -0.003
    MALE             0.230       0.247       0.256       0.303       0.349       0.358       0.376

 Intercepts
    LOG_EARN         8.984       9.047       9.080       9.249       9.418       9.450       9.513

 Residual Variances
    LOG_EARN         0.430       0.446       0.454       0.497       0.539       0.547       0.563


TECHNICAL 1 OUTPUT


     PARAMETER SPECIFICATION


           NU
              LOG_EARN      LIT           NUM           PSL           MALE
              ________      ________      ________      ________      ________
                  0             0             0             0             0


           LAMBDA
              LOG_EARN      LIT           NUM           PSL           MALE
              ________      ________      ________      ________      ________
 LOG_EARN           0             0             0             0             0
 LIT                0             0             0             0             0
 NUM                0             0             0             0             0
 PSL                0             0             0             0             0
 MALE               0             0             0             0             0


           THETA
              LOG_EARN      LIT           NUM           PSL           MALE
              ________      ________      ________      ________      ________
 LOG_EARN           0
 LIT                0             0
 NUM                0             0             0
 PSL                0             0             0             0
 MALE               0             0             0             0             0


           ALPHA
              LOG_EARN      LIT           NUM           PSL           MALE
              ________      ________      ________      ________      ________
                  1             0             0             0             0


           BETA
              LOG_EARN      LIT           NUM           PSL           MALE
              ________      ________      ________      ________      ________
 LOG_EARN           0             2             3             4             5
 LIT                0             0             0             0             0
 NUM                0             0             0             0             0
 PSL                0             0             0             0             0
 MALE               0             0             0             0             0


           PSI
              LOG_EARN      LIT           NUM           PSL           MALE
              ________      ________      ________      ________      ________
 LOG_EARN           6
 LIT                0             0
 NUM                0             0             0
 PSL                0             0             0             0
 MALE               0             0             0             0             0


     STARTING VALUES


           NU
              LOG_EARN      LIT           NUM           PSL           MALE
              ________      ________      ________      ________      ________
                0.000         0.000         0.000         0.000         0.000


           LAMBDA
              LOG_EARN      LIT           NUM           PSL           MALE
              ________      ________      ________      ________      ________
 LOG_EARN       1.000         0.000         0.000         0.000         0.000
 LIT            0.000         1.000         0.000         0.000         0.000
 NUM            0.000         0.000         1.000         0.000         0.000
 PSL            0.000         0.000         0.000         1.000         0.000
 MALE           0.000         0.000         0.000         0.000         1.000


           THETA
              LOG_EARN      LIT           NUM           PSL           MALE
              ________      ________      ________      ________      ________
 LOG_EARN       0.000
 LIT            0.000         0.000
 NUM            0.000         0.000         0.000
 PSL            0.000         0.000         0.000         0.000
 MALE           0.000         0.000         0.000         0.000         0.000


           ALPHA
              LOG_EARN      LIT           NUM           PSL           MALE
              ________      ________      ________      ________      ________
               10.253       288.215       291.800       289.705         0.506


           BETA
              LOG_EARN      LIT           NUM           PSL           MALE
              ________      ________      ________      ________      ________
 LOG_EARN       0.000         0.000         0.000         0.000         0.000
 LIT            0.000         0.000         0.000         0.000         0.000
 NUM            0.000         0.000         0.000         0.000         0.000
 PSL            0.000         0.000         0.000         0.000         0.000
 MALE           0.000         0.000         0.000         0.000         0.000


           PSI
              LOG_EARN      LIT           NUM           PSL           MALE
              ________      ________      ________      ________      ________
 LOG_EARN       0.288
 LIT            0.000      1642.056
 NUM            0.000      1605.307      2106.620
 PSL            0.000      1281.075      1372.570      1570.400
 MALE           0.000         0.886         3.552         1.814         0.250


     Beginning Time:  23:11:47
        Ending Time:  23:11:48
       Elapsed Time:  00:00:01



MUTHEN & MUTHEN
3463 Stoner Ave.
Los Angeles, CA  90066

Tel: (310) 391-9971
Fax: (310) 391-8971
Web: www.StatModel.com
Support: Support@StatModel.com

Copyright (c) 1998-2020 Muthen & Muthen
