Mplus VERSION 8.3
MUTHEN & MUTHEN
01/18/2021  10:32 PM

INPUT INSTRUCTIONS


  TITLE:
      PISA 2018 financial literacy SG-MSEM fixed-par approach Group 440

  DATA:
      file = "C:\Users\tctan\implist.dat";

      type = imputation;

  VARIABLE:
      names =
          FKI CNTRYID CNTSCHID CNTSTUID W_STU
          MATH READ FLIT                      ! PISA achievement variables
          MALE IMMI1GEN IMMI2GEN ESCS         ! Demographic info
          FCFMLRTY FLCONFIN                   ! Affect
          FLSCHOOL                            !   Lat var "Academic"
          NOBULLY                             !   Lat var "Safety"
          FLFAMILY                            !   Lat var "Community"
          W_SCH STRATIO                       ! School character
          EDUSHORT                            !   Lat var "inst. env."
          ;

      useobs = CNTRYID eq 440;          ! Pull out one country at a time

      usevar =
          FLIT                                ! Financial literacy outcome
          FLSCHOOL                            !   "Academic"
          NOBULLY                             !   "Safety"
          FLFAMILY                            !   "Community" (Financial socialisation)
          EDUSHORT                            !   "Institutional environment"
          FCFMLRTY FLCONFIN                   ! L1 mediators
          MALE IMMI1GEN IMMI2GEN ESCS         ! L1 control vars
          STRATIO
          ;

      ! Vars that ONLY appear in L1
      within =
          FCFMLRTY FLCONFIN                   ! Affective vars
          MALE IMMI1GEN IMMI2GEN ESCS         ! L1 control vars
          ;

      ! Vars that ONLY appear in L2
      between =
          EDUSHORT                            ! L2: school
          STRATIO
          ;

      missing = all (-99);

      weight = W_STU;                         ! Student weight
      wtscale = cluster;                      ! Scale L1 weight to cluster size
      bweight = W_SCH;                        ! School weight
      bwtscale = sample;                      ! Scale L2 weight to sample

      cluster = CNTSCHID;                     ! Cluster by school ID


  ANALYSIS:
      processors = 4;

      type = twolevel;


  MODEL:

  %Within%                                    ! === L1: Student-level ===

      ! Indirect pathways (1st half): school climate vars onto mediators
          ! Onto mediator FAMILIARITY
      FCFMLRTY on FLSCHOOL;
      FCFMLRTY on NOBULLY;
      FCFMLRTY on FLFAMILY;
          ! Onto mediator CONFIDENCE
      FLCONFIN on FLSCHOOL;
      FLCONFIN on NOBULLY;
      FLCONFIN on FLFAMILY;

      ! Total effect
          ! Indirect pathways (2nd half): affective vars onto financial literacy
      FLIT on FCFMLRTY;
      FLIT on FLCONFIN;
          ! Direct pathways: school climate vars onto financial literacy
      FLIT on FLSCHOOL;
      FLIT on NOBULLY;
      FLIT on FLFAMILY;
          ! Control vars (demographic info)
      FLIT on MALE IMMI1GEN IMMI2GEN ESCS;

      ! Covariances
          ! Between school climate vars
      FLSCHOOL with NOBULLY;
      FLSCHOOL with FLFAMILY;
      NOBULLY with FLFAMILY;
          ! Between mediators
      FCFMLRTY with FLCONFIN;

  %Between%                                   ! === L2: School-level ===

      ! School climate vars
      FLIT on
          FLSCHOOL NOBULLY FLFAMILY EDUSHORT
          STRATIO
          ;

      ! Covariances
      FLSCHOOL with NOBULLY;
      NOBULLY with FLFAMILY;
      FLFAMILY with EDUSHORT;

      FLSCHOOL with FLFAMILY;
      NOBULLY with EDUSHORT;

      FLSCHOOL with EDUSHORT;


  MODEL INDIRECT:

      FLIT ind FLSCHOOL;
      FLIT ind NOBULLY;
      FLIT ind FLFAMILY;


  OUTPUT:
      stdyx;                                  ! Fully standardised solution
      tech1;                                  ! Overview of model parameters
      tech3;                                  ! Parameter covariance structure
      svalues;                                ! Starting values



INPUT READING TERMINATED NORMALLY




PISA 2018 financial literacy SG-MSEM fixed-par approach Group 440

SUMMARY OF ANALYSIS

Number of groups                                                 1
Average number of observations                                3899

Number of replications
    Requested                                                   10
    Completed                                                    1

Number of dependent variables                                    3
Number of independent variables                                  9
Number of continuous latent variables                            0

Observed dependent variables

  Continuous
   FLIT        FCFMLRTY    FLCONFIN

Observed independent variables
   FLSCHOOL    NOBULLY     FLFAMILY    EDUSHORT    MALE        IMMI1GEN
   IMMI2GEN    ESCS        STRATIO

Variables with special functions

  Cluster variable      CNTSCHID
  Weight variable (cluster-size scaling)
    W_STU
  Between weight variable (sample-size scaling)
    W_SCH

  Within variables
   FCFMLRTY    FLCONFIN    MALE        IMMI1GEN    IMMI2GEN    ESCS

  Between variables
   EDUSHORT    STRATIO


Estimator                                                      MLR
Information matrix                                        OBSERVED
Maximum number of iterations                                   100
Convergence criterion                                    0.100D-05
Maximum number of EM iterations                                500
Convergence criteria for the EM algorithm
  Loglikelihood change                                   0.100D-02
  Relative loglikelihood change                          0.100D-05
  Derivative                                             0.100D-03
Minimum variance                                         0.100D-03
Maximum number of steepest descent iterations                   20
Maximum number of iterations for H1                           2000
Convergence criterion for H1                             0.100D-03
Optimization algorithm                                         EMA

Input data file(s)
  Multiple data files from
    C:\Users\tctan\implist.dat
Input data format  FREE


SUMMARY OF DATA FOR THE FIRST DATA SET

     Number of missing data patterns            33
     Number of clusters                        347

     Average cluster size       11.236

     Estimated Intraclass Correlations for the Y Variables

                Intraclass              Intraclass              Intraclass
     Variable  Correlation   Variable  Correlation   Variable  Correlation

     FLIT         0.195      FCFMLRTY     0.000      FLCONFIN     0.000
     FLSCHOOL     0.122      NOBULLY      0.065      FLFAMILY     0.011



SUMMARY OF MISSING DATA PATTERNS FOR THE FIRST DATA SET


     MISSING DATA PATTERNS (x = not missing)

           1  2  3  4  5  6  7  8  9 10 11 12 13 14 15 16 17 18 19 20
 EDUSHORT  x  x  x  x  x  x  x  x  x  x  x  x  x  x  x  x  x  x  x  x
 FLIT      x  x  x  x  x  x  x  x  x  x  x  x  x  x  x  x  x  x  x  x
 FCFMLRTY  x  x  x  x     x     x  x  x                 x  x  x     x
 FLCONFIN  x        x        x  x                 x           x  x  x
 FLSCHOOL  x  x  x  x           x  x  x     x  x  x  x
 NOBULLY   x                       x  x        x  x     x  x  x  x  x
 FLFAMILY  x  x     x        x     x     x     x  x  x  x     x
 MALE      x  x  x  x  x  x  x  x  x  x  x  x  x  x  x  x  x  x  x  x
 IMMI1GEN  x  x  x  x  x  x  x  x  x  x  x  x  x  x  x  x  x  x  x  x
 IMMI2GEN  x  x  x  x  x  x  x  x  x  x  x  x  x  x  x  x  x  x  x  x
 ESCS      x  x  x  x  x  x  x  x  x  x  x  x  x  x  x  x  x  x  x  x
 STRATIO   x  x  x  x  x  x  x  x  x  x  x  x  x  x  x  x  x  x  x  x

          21 22 23 24 25 26 27 28 29 30 31 32 33
 EDUSHORT  x  x  x  x  x           x  x  x  x  x
 FLIT      x  x  x  x  x  x  x  x  x  x  x  x  x
 FCFMLRTY     x  x     x  x  x  x  x
 FLCONFIN     x        x  x  x     x  x  x  x  x
 FLSCHOOL     x     x     x  x  x     x  x  x
 NOBULLY   x  x     x     x           x        x
 FLFAMILY        x        x  x     x        x  x
 MALE      x  x  x  x  x  x  x  x  x  x  x  x  x
 IMMI1GEN  x  x  x  x  x  x  x  x  x  x  x  x  x
 IMMI2GEN  x  x  x  x  x  x  x  x  x  x  x  x  x
 ESCS      x  x  x  x  x  x  x  x  x  x  x  x  x
 STRATIO   x  x  x  x  x  x  x  x  x  x  x  x  x


     MISSING DATA PATTERN FREQUENCIES

    Pattern   Frequency     Pattern   Frequency     Pattern   Frequency
          1        3009          12           5          23           7
          2         154          13           7          24           3
          3          31          14           7          25           3
          4         435          15           4          26           5
          5          43          16           3          27           6
          6          21          17          19          28           1
          7           2          18           4          29           2
          8           7          19           2          30           1
          9          52          20           2          31           1
         10           9          21          30          32           2
         11           4          22          17          33           1


COVARIANCE COVERAGE OF DATA FOR THE FIRST DATA SET

Minimum covariance coverage value   0.100


     PROPORTION OF DATA PRESENT


           Covariance Coverage
              EDUSHORT      FLIT          FCFMLRTY      FLCONFIN      FLSCHOOL
              ________      ________      ________      ________      ________
 EDUSHORT       0.997
 FLIT           0.997         1.000
 FCFMLRTY       0.968         0.971         0.971
 FLCONFIN       0.896         0.899         0.895         0.899
 FLSCHOOL       0.960         0.963         0.956         0.895         0.963
 NOBULLY        0.812         0.813         0.800         0.782         0.798
 FLFAMILY       0.947         0.950         0.943         0.891         0.944
 MALE           0.997         1.000         0.971         0.899         0.963
 IMMI1GEN       0.997         1.000         0.971         0.899         0.963
 IMMI2GEN       0.997         1.000         0.971         0.899         0.963
 ESCS           0.997         1.000         0.971         0.899         0.963
 STRATIO        0.997         1.000         0.971         0.899         0.963


           Covariance Coverage
              NOBULLY       FLFAMILY      MALE          IMMI1GEN      IMMI2GEN
              ________      ________      ________      ________      ________
 NOBULLY        0.813
 FLFAMILY       0.792         0.950
 MALE           0.813         0.950         1.000
 IMMI1GEN       0.813         0.950         1.000         1.000
 IMMI2GEN       0.813         0.950         1.000         1.000         1.000
 ESCS           0.813         0.950         1.000         1.000         1.000
 STRATIO        0.813         0.950         1.000         1.000         1.000


           Covariance Coverage
              ESCS          STRATIO
              ________      ________
 ESCS           1.000
 STRATIO        1.000         1.000


SAMPLE STATISTICS

NOTE:  The sample statistics for within and between refer to the
       maximum-likelihood estimated within and between covariance
       matrices, respectively.

NOTE:  These are average results over 10 data sets.


     ESTIMATED SAMPLE STATISTICS FOR WITHIN


           Means
              EDUSHORT      FLIT          FCFMLRTY      FLCONFIN      FLSCHOOL
              ________      ________      ________      ________      ________
                0.000         0.000         7.501         0.169         0.000


           Means
              NOBULLY       FLFAMILY      MALE          IMMI1GEN      IMMI2GEN
              ________      ________      ________      ________      ________
                0.000         0.000         0.489         0.003         0.012


           Means
              ESCS          STRATIO
              ________      ________
                0.123         0.000


           Covariances
              EDUSHORT      FLIT          FCFMLRTY      FLCONFIN      FLSCHOOL
              ________      ________      ________      ________      ________
 EDUSHORT       0.000
 FLIT           0.000      5751.780
 FCFMLRTY       0.000       106.063        33.690
 FLCONFIN       0.000        11.921         1.494         1.186
 FLSCHOOL       0.000         1.652         1.329         0.169         0.896
 NOBULLY        0.000         9.447         0.366         0.017        -0.044
 FLFAMILY       0.000         2.734         0.938         0.179         0.204
 MALE           0.000         1.311         0.009         0.106         0.026
 IMMI1GEN       0.000        -0.103         0.002         0.001         0.000
 IMMI2GEN       0.000        -0.456        -0.001         0.003        -0.002
 ESCS           0.000        12.706         0.745         0.074         0.047
 STRATIO        0.000         0.000         0.000         0.000         0.000


           Covariances
              NOBULLY       FLFAMILY      MALE          IMMI1GEN      IMMI2GEN
              ________      ________      ________      ________      ________
 NOBULLY        0.973
 FLFAMILY      -0.002         1.062
 MALE          -0.049        -0.025         0.250
 IMMI1GEN      -0.003         0.001         0.000         0.003
 IMMI2GEN       0.002        -0.002         0.001         0.000         0.012
 ESCS           0.021         0.041         0.008        -0.001         0.001
 STRATIO        0.000         0.000         0.000         0.000         0.000


           Covariances
              ESCS          STRATIO
              ________      ________
 ESCS           0.689
 STRATIO        0.000         0.000


           Correlations
              EDUSHORT      FLIT          FCFMLRTY      FLCONFIN      FLSCHOOL
              ________      ________      ________      ________      ________
 EDUSHORT       0.000
 FLIT           0.000         1.000
 FCFMLRTY       0.000         0.241         1.000
 FLCONFIN       0.000         0.144         0.236         1.000
 FLSCHOOL       0.000         0.023         0.242         0.164         1.000
 NOBULLY        0.000         0.126         0.064         0.016        -0.048
 FLFAMILY       0.000         0.035         0.157         0.160         0.209
 MALE           0.000         0.035         0.003         0.194         0.055
 IMMI1GEN       0.000        -0.024         0.006         0.010         0.001
 IMMI2GEN       0.000        -0.055        -0.002         0.023        -0.015
 ESCS           0.000         0.202         0.155         0.081         0.060
 STRATIO        0.000         0.000         0.000         0.000         0.000


           Correlations
              NOBULLY       FLFAMILY      MALE          IMMI1GEN      IMMI2GEN
              ________      ________      ________      ________      ________
 NOBULLY        1.000
 FLFAMILY      -0.002         1.000
 MALE          -0.100        -0.048         1.000
 IMMI1GEN      -0.046         0.011         0.000         1.000
 IMMI2GEN       0.021        -0.017         0.022        -0.006         1.000
 ESCS           0.026         0.048         0.019        -0.022         0.015
 STRATIO        0.000         0.000         0.000         0.000         0.000


           Correlations
              ESCS          STRATIO
              ________      ________
 ESCS           1.000
 STRATIO        0.000         0.000


     ESTIMATED SAMPLE STATISTICS FOR BETWEEN


           Means
              EDUSHORT      FLIT          FCFMLRTY      FLCONFIN      FLSCHOOL
              ________      ________      ________      ________      ________
                0.093       504.269         0.000         0.000         0.038


           Means
              NOBULLY       FLFAMILY      MALE          IMMI1GEN      IMMI2GEN
              ________      ________      ________      ________      ________
                0.008         0.261         0.000         0.000         0.000


           Means
              ESCS          STRATIO
              ________      ________
                0.000        10.509


           Covariances
              EDUSHORT      FLIT          FCFMLRTY      FLCONFIN      FLSCHOOL
              ________      ________      ________      ________      ________
 EDUSHORT       0.548
 FLIT           2.591      1390.086
 FCFMLRTY       0.000         0.000         0.000
 FLCONFIN       0.000         0.000         0.000         0.000
 FLSCHOOL      -0.035        -5.808         0.000         0.000         0.125
 NOBULLY        0.014         6.312         0.000         0.000        -0.042
 FLFAMILY       0.002        -0.009         0.000         0.000         0.010
 MALE           0.000         0.000         0.000         0.000         0.000
 IMMI1GEN       0.000         0.000         0.000         0.000         0.000
 IMMI2GEN       0.000         0.000         0.000         0.000         0.000
 ESCS           0.000         0.000         0.000         0.000         0.000
 STRATIO       -0.029        33.385         0.000         0.000        -0.288


           Covariances
              NOBULLY       FLFAMILY      MALE          IMMI1GEN      IMMI2GEN
              ________      ________      ________      ________      ________
 NOBULLY        0.068
 FLFAMILY       0.017         0.012
 MALE           0.000         0.000         0.000
 IMMI1GEN       0.000         0.000         0.000         0.000
 IMMI2GEN       0.000         0.000         0.000         0.000         0.000
 ESCS           0.000         0.000         0.000         0.000         0.000
 STRATIO        0.218         0.050         0.000         0.000         0.000


           Covariances
              ESCS          STRATIO
              ________      ________
 ESCS           0.000
 STRATIO        0.000         8.364


           Correlations
              EDUSHORT      FLIT          FCFMLRTY      FLCONFIN      FLSCHOOL
              ________      ________      ________      ________      ________
 EDUSHORT       1.000
 FLIT           0.094         1.000
 FCFMLRTY       0.000         0.000         0.000
 FLCONFIN       0.000         0.000         0.000         0.000
 FLSCHOOL      -0.134        -0.441         0.000         0.000         1.000
 NOBULLY        0.074         0.650         0.000         0.000        -0.453
 FLFAMILY       0.019        -0.002         0.000         0.000         0.265
 MALE           0.000         0.000         0.000         0.000         0.000
 IMMI1GEN       0.000         0.000         0.000         0.000         0.000
 IMMI2GEN       0.000         0.000         0.000         0.000         0.000
 ESCS           0.000         0.000         0.000         0.000         0.000
 STRATIO       -0.014         0.310         0.000         0.000        -0.282


           Correlations
              NOBULLY       FLFAMILY      MALE          IMMI1GEN      IMMI2GEN
              ________      ________      ________      ________      ________
 NOBULLY        1.000
 FLFAMILY       0.590         1.000
 MALE           0.000         0.000         0.000
 IMMI1GEN       0.000         0.000         0.000         0.000
 IMMI2GEN       0.000         0.000         0.000         0.000         0.000
 ESCS           0.000         0.000         0.000         0.000         0.000
 STRATIO        0.290         0.156         0.000         0.000         0.000


           Correlations
              ESCS          STRATIO
              ________      ________
 ESCS           0.000
 STRATIO        0.000         1.000




MODEL FIT INFORMATION

Number of Free Parameters                       48

Loglikelihood

    H0 Value

        Mean                            -55041.939
        Std Dev                              0.000
        Number of successful computations        1

             Proportions                   Percentiles
        Expected    Observed         Expected       Observed
           0.990       0.000       -55041.939     -55041.939
           0.980       0.000       -55041.939     -55041.939
           0.950       0.000       -55041.939     -55041.939
           0.900       0.000       -55041.939     -55041.939
           0.800       0.000       -55041.939     -55041.939
           0.700       0.000       -55041.939     -55041.939
           0.500       0.000       -55041.939     -55041.939
           0.300       0.000       -55041.939     -55041.939
           0.200       0.000       -55041.939     -55041.939
           0.100       0.000       -55041.939     -55041.939
           0.050       0.000       -55041.939     -55041.939
           0.020       0.000       -55041.939     -55041.939
           0.010       0.000       -55041.939     -55041.939

    H1 Value

        Mean                            -54874.885
        Std Dev                              0.000
        Number of successful computations        1

             Proportions                   Percentiles
        Expected    Observed         Expected       Observed
           0.990       0.000       -54874.885     -54874.885
           0.980       0.000       -54874.885     -54874.885
           0.950       0.000       -54874.885     -54874.885
           0.900       0.000       -54874.885     -54874.885
           0.800       0.000       -54874.885     -54874.885
           0.700       0.000       -54874.885     -54874.885
           0.500       0.000       -54874.885     -54874.885
           0.300       0.000       -54874.885     -54874.885
           0.200       0.000       -54874.885     -54874.885
           0.100       0.000       -54874.885     -54874.885
           0.050       0.000       -54874.885     -54874.885
           0.020       0.000       -54874.885     -54874.885
           0.010       0.000       -54874.885     -54874.885

Information Criteria

    Akaike (AIC)

        Mean                            110179.877
        Std Dev                              0.000
        Number of successful computations        1

             Proportions                   Percentiles
        Expected    Observed         Expected       Observed
           0.990       0.000       110179.877     110179.877
           0.980       0.000       110179.877     110179.877
           0.950       0.000       110179.877     110179.877
           0.900       0.000       110179.877     110179.877
           0.800       0.000       110179.877     110179.877
           0.700       0.000       110179.877     110179.877
           0.500       0.000       110179.877     110179.877
           0.300       0.000       110179.877     110179.877
           0.200       0.000       110179.877     110179.877
           0.100       0.000       110179.877     110179.877
           0.050       0.000       110179.877     110179.877
           0.020       0.000       110179.877     110179.877
           0.010       0.000       110179.877     110179.877

    Bayesian (BIC)

        Mean                            110480.764
        Std Dev                              0.000
        Number of successful computations        1

             Proportions                   Percentiles
        Expected    Observed         Expected       Observed
           0.990       0.000       110480.764     110480.764
           0.980       0.000       110480.764     110480.764
           0.950       0.000       110480.764     110480.764
           0.900       0.000       110480.764     110480.764
           0.800       0.000       110480.764     110480.764
           0.700       0.000       110480.764     110480.764
           0.500       0.000       110480.764     110480.764
           0.300       0.000       110480.764     110480.764
           0.200       0.000       110480.764     110480.764
           0.100       0.000       110480.764     110480.764
           0.050       0.000       110480.764     110480.764
           0.020       0.000       110480.764     110480.764
           0.010       0.000       110480.764     110480.764

    Sample-Size Adjusted BIC (n* = (n + 2) / 24)

        Mean                            110328.242
        Std Dev                              0.000
        Number of successful computations        1

             Proportions                   Percentiles
        Expected    Observed         Expected       Observed
           0.990       0.000       110328.242     110328.242
           0.980       0.000       110328.242     110328.242
           0.950       0.000       110328.242     110328.242
           0.900       0.000       110328.242     110328.242
           0.800       0.000       110328.242     110328.242
           0.700       0.000       110328.242     110328.242
           0.500       0.000       110328.242     110328.242
           0.300       0.000       110328.242     110328.242
           0.200       0.000       110328.242     110328.242
           0.100       0.000       110328.242     110328.242
           0.050       0.000       110328.242     110328.242
           0.020       0.000       110328.242     110328.242
           0.010       0.000       110328.242     110328.242

Chi-Square Test of Model Fit

        Degrees of freedom                      24

        Mean                               334.108
        Std Dev                              0.000
        Number of successful computations        1

             Proportions                   Percentiles
        Expected    Observed         Expected       Observed
           0.990       1.000           10.856        334.108
           0.980       1.000           11.992        334.108
           0.950       1.000           13.848        334.108
           0.900       1.000           15.659        334.108
           0.800       1.000           18.062        334.108
           0.700       1.000           19.943        334.108
           0.500       1.000           23.337        334.108
           0.300       1.000           27.096        334.108
           0.200       1.000           29.553        334.108
           0.100       1.000           33.196        334.108
           0.050       1.000           36.415        334.108
           0.020       1.000           40.270        334.108
           0.010       1.000           42.980        334.108

RMSEA (Root Mean Square Error Of Approximation)

        Mean                                 0.058
        Std Dev                              0.000
        Number of successful computations        1

             Proportions                   Percentiles
        Expected    Observed         Expected       Observed
           0.990       0.000            0.058          0.058
           0.980       0.000            0.058          0.058
           0.950       0.000            0.058          0.058
           0.900       0.000            0.058          0.058
           0.800       0.000            0.058          0.058
           0.700       0.000            0.058          0.058
           0.500       0.000            0.058          0.058
           0.300       0.000            0.058          0.058
           0.200       0.000            0.058          0.058
           0.100       0.000            0.058          0.058
           0.050       0.000            0.058          0.058
           0.020       0.000            0.058          0.058
           0.010       0.000            0.058          0.058

CFI/TLI

    CFI

        Mean                                 0.755
        Std Dev                              0.000
        Number of successful computations        1

             Proportions                   Percentiles
        Expected    Observed         Expected       Observed
           0.990       0.000            0.755          0.755
           0.980       0.000            0.755          0.755
           0.950       0.000            0.755          0.755
           0.900       0.000            0.755          0.755
           0.800       0.000            0.755          0.755
           0.700       0.000            0.755          0.755
           0.500       0.000            0.755          0.755
           0.300       0.000            0.755          0.755
           0.200       0.000            0.755          0.755
           0.100       0.000            0.755          0.755
           0.050       0.000            0.755          0.755
           0.020       0.000            0.755          0.755
           0.010       0.000            0.755          0.755

    TLI

        Mean                                 0.449
        Std Dev                              0.000
        Number of successful computations        1

             Proportions                   Percentiles
        Expected    Observed         Expected       Observed
           0.990       0.000            0.449          0.449
           0.980       0.000            0.449          0.449
           0.950       0.000            0.449          0.449
           0.900       0.000            0.449          0.449
           0.800       0.000            0.449          0.449
           0.700       0.000            0.449          0.449
           0.500       0.000            0.449          0.449
           0.300       0.000            0.449          0.449
           0.200       0.000            0.449          0.449
           0.100       0.000            0.449          0.449
           0.050       0.000            0.449          0.449
           0.020       0.000            0.449          0.449
           0.010       0.000            0.449          0.449

SRMR (Standardized Root Mean Square Residual) for the WITHIN level

        Mean                                 0.045
        Std Dev                              0.000
        Number of successful computations        1

             Proportions                   Percentiles
        Expected    Observed         Expected       Observed
           0.990       0.000            0.045          0.045
           0.980       0.000            0.045          0.045
           0.950       0.000            0.045          0.045
           0.900       0.000            0.045          0.045
           0.800       0.000            0.045          0.045
           0.700       0.000            0.045          0.045
           0.500       0.000            0.045          0.045
           0.300       0.000            0.045          0.045
           0.200       0.000            0.045          0.045
           0.100       0.000            0.045          0.045
           0.050       0.000            0.045          0.045
           0.020       0.000            0.045          0.045
           0.010       0.000            0.045          0.045

SRMR (Standardized Root Mean Square Residual) for the BETWEEN level

        Mean                                 0.097
        Std Dev                              0.000
        Number of successful computations        1

             Proportions                   Percentiles
        Expected    Observed         Expected       Observed
           0.990       0.000            0.097          0.097
           0.980       0.000            0.097          0.097
           0.950       0.000            0.097          0.097
           0.900       0.000            0.097          0.097
           0.800       0.000            0.097          0.097
           0.700       0.000            0.097          0.097
           0.500       0.000            0.097          0.097
           0.300       0.000            0.097          0.097
           0.200       0.000            0.097          0.097
           0.100       0.000            0.097          0.097
           0.050       0.000            0.097          0.097
           0.020       0.000            0.097          0.097
           0.010       0.000            0.097          0.097



MODEL RESULTS

                    Estimate

Within Level

 FCFMLRTY   ON
    FLSCHOOL           1.366
    NOBULLY            0.435
    FLFAMILY           0.616

 FLCONFIN   ON
    FLSCHOOL           0.158
    NOBULLY            0.025
    FLFAMILY           0.140

 FLIT       ON
    FCFMLRTY           2.673
    FLCONFIN           6.322
    FLSCHOOL          -3.058
    NOBULLY            8.346
    FLFAMILY          -0.391
    MALE               3.541
    IMMI1GEN         -32.010
    IMMI2GEN         -42.998
    ESCS              16.114

 FLSCHOOL WITH
    NOBULLY           -0.046
    FLFAMILY           0.204

 NOBULLY  WITH
    FLFAMILY          -0.003

 FCFMLRTY WITH
    FLCONFIN           1.140

 Intercepts
    FCFMLRTY           7.500
    FLCONFIN           0.168

 Variances
    FLSCHOOL           0.897
    NOBULLY            0.973
    FLFAMILY           1.063

 Residual Variances
    FLIT            5246.411
    FCFMLRTY          31.144
    FLCONFIN           1.134

Between Level

 FLIT       ON
    FLSCHOOL         110.465
    NOBULLY          310.622
    FLFAMILY        -579.890
    EDUSHORT           7.772
    STRATIO            2.728

 FLSCHOOL WITH
    NOBULLY           -0.040
    FLFAMILY           0.009
    EDUSHORT          -0.036

 NOBULLY  WITH
    FLFAMILY           0.019
    EDUSHORT           0.016

 FLFAMILY WITH
    EDUSHORT           0.004

 Means
    EDUSHORT           0.093
    FLSCHOOL           0.030
    NOBULLY            0.013
    FLFAMILY           0.262

 Intercepts
    FLIT             595.210

 Variances
    EDUSHORT           0.548
    FLSCHOOL           0.119
    NOBULLY            0.070
    FLFAMILY           0.012

 Residual Variances
    FLIT               0.008


STANDARDIZED MODEL RESULTS


STDYX Standardization

                                                    Two-Tailed   Rate of
                    Estimate       S.E.  Est./S.E.    P-Value    Missing

Within Level

 FCFMLRTY   ON
