------Begin Mplus Model Run: 10Jan2021 20:53:16------
Run options:
	Recursive (run models in subdirectories): FALSE
	Show output on console: FALSE
	Replace existing outfile: never
------
Skipping model because output file already exists for: M:\pc\Dokumenter\MSc\Thesis\R\MplusAutomation\finlit_sg_msem_100.inp
Skipping model because output file already exists for: M:\pc\Dokumenter\MSc\Thesis\R\MplusAutomation\finlit_sg_msem_124.inp
Skipping model because output file already exists for: M:\pc\Dokumenter\MSc\Thesis\R\MplusAutomation\finlit_sg_msem_152.inp
Skipping model because output file already exists for: M:\pc\Dokumenter\MSc\Thesis\R\MplusAutomation\finlit_sg_msem_233.inp
Skipping model because output file already exists for: M:\pc\Dokumenter\MSc\Thesis\R\MplusAutomation\finlit_sg_msem_246.inp
Skipping model because output file already exists for: M:\pc\Dokumenter\MSc\Thesis\R\MplusAutomation\finlit_sg_msem_268.inp
Skipping model because output file already exists for: M:\pc\Dokumenter\MSc\Thesis\R\MplusAutomation\finlit_sg_msem_360.inp
Skipping model because output file already exists for: M:\pc\Dokumenter\MSc\Thesis\R\MplusAutomation\finlit_sg_msem_380.inp
Skipping model because output file already exists for: M:\pc\Dokumenter\MSc\Thesis\R\MplusAutomation\finlit_sg_msem_428.inp
Skipping model because output file already exists for: M:\pc\Dokumenter\MSc\Thesis\R\MplusAutomation\finlit_sg_msem_440.inp
Skipping model because output file already exists for: M:\pc\Dokumenter\MSc\Thesis\R\MplusAutomation\finlit_sg_msem_528.inp
Skipping model because output file already exists for: M:\pc\Dokumenter\MSc\Thesis\R\MplusAutomation\finlit_sg_msem_604.inp
Skipping model because output file already exists for: M:\pc\Dokumenter\MSc\Thesis\R\MplusAutomation\finlit_sg_msem_616.inp
Skipping model because output file already exists for: M:\pc\Dokumenter\MSc\Thesis\R\MplusAutomation\finlit_sg_msem_620.inp
Skipping model because output file already exists for: M:\pc\Dokumenter\MSc\Thesis\R\MplusAutomation\finlit_sg_msem_643.inp
Skipping model because output file already exists for: M:\pc\Dokumenter\MSc\Thesis\R\MplusAutomation\finlit_sg_msem_688.inp
Skipping model because output file already exists for: M:\pc\Dokumenter\MSc\Thesis\R\MplusAutomation\finlit_sg_msem_703.inp
Skipping model because output file already exists for: M:\pc\Dokumenter\MSc\Thesis\R\MplusAutomation\finlit_sg_msem_724.inp
Skipping model because output file already exists for: M:\pc\Dokumenter\MSc\Thesis\R\MplusAutomation\finlit_sg_msem_76.inp
Skipping model because output file already exists for: M:\pc\Dokumenter\MSc\Thesis\R\MplusAutomation\finlit_sg_msem_840.inp

------End Mplus Model Run: 10Jan2021 20:53:24------
